Using pre-set license
Built from '2021.3/staging' branch; Version is '2021.3.26f1 (a16dc32e0ff2) revision 10579395'; Using compiler version '192829333'; Build Type 'Release'
OS: 'Windows 10  (10.0.19045) 64bit CoreSingleLanguage' Language: 'en' Physical Memory: 18294 MB
BatchMode: 1, IsHumanControllingUs: 0, StartBugReporterOnCrash: 0, Is64bit: 1, IsPro: 1

COMMAND LINE ARGUMENTS:
C:\Program Files\Unity\Hub\Editor\2021.3.26f1\Editor\Unity.exe
-adb2
-batchMode
-noUpm
-name
AssetImportWorker0
-projectPath
C:/Users/uwenn/Documents/Dev Game/2. Unity/Pinball/Muhammad-Ruswendra-GamePinball
-logFile
Logs/AssetImportWorker0.log
-srvPort
57453
Successfully changed project path to: C:/Users/uwenn/Documents/Dev Game/2. Unity/Pinball/Muhammad-Ruswendra-GamePinball
C:/Users/uwenn/Documents/Dev Game/2. Unity/Pinball/Muhammad-Ruswendra-GamePinball
[UnityMemory] Configuration Parameters - Can be set up in boot.config
    "memorysetup-bucket-allocator-granularity=16"
    "memorysetup-bucket-allocator-bucket-count=8"
    "memorysetup-bucket-allocator-block-size=33554432"
    "memorysetup-bucket-allocator-block-count=8"
    "memorysetup-main-allocator-block-size=16777216"
    "memorysetup-thread-allocator-block-size=16777216"
    "memorysetup-gfx-main-allocator-block-size=16777216"
    "memorysetup-gfx-thread-allocator-block-size=16777216"
    "memorysetup-cache-allocator-block-size=4194304"
    "memorysetup-typetree-allocator-block-size=2097152"
    "memorysetup-profiler-bucket-allocator-granularity=16"
    "memorysetup-profiler-bucket-allocator-bucket-count=8"
    "memorysetup-profiler-bucket-allocator-block-size=33554432"
    "memorysetup-profiler-bucket-allocator-block-count=8"
    "memorysetup-profiler-allocator-block-size=16777216"
    "memorysetup-profiler-editor-allocator-block-size=1048576"
    "memorysetup-temp-allocator-size-main=16777216"
    "memorysetup-job-temp-allocator-block-size=2097152"
    "memorysetup-job-temp-allocator-block-size-background=1048576"
    "memorysetup-job-temp-allocator-reduction-small-platforms=262144"
    "memorysetup-temp-allocator-size-background-worker=32768"
    "memorysetup-temp-allocator-size-job-worker=262144"
    "memorysetup-temp-allocator-size-preload-manager=33554432"
    "memorysetup-temp-allocator-size-nav-mesh-worker=65536"
    "memorysetup-temp-allocator-size-audio-worker=65536"
    "memorysetup-temp-allocator-size-cloud-worker=32768"
    "memorysetup-temp-allocator-size-gi-baking-worker=262144"
    "memorysetup-temp-allocator-size-gfx=262144"
Player connection [44976] Host "[IP] 192.168.1.168 [Port] 0 [Flags] 2 [Guid] 1490609488 [EditorId] 1490609488 [Version] 1048832 [Id] WindowsEditor(7,LAPTOP-GGNBUQUG) [Debug] 1 [PackageName] WindowsEditor [ProjectName] Editor" joined multi-casting on [225.0.0.222:54997]...

Player connection [44976] Host "[IP] 192.168.1.168 [Port] 0 [Flags] 2 [Guid] 1490609488 [EditorId] 1490609488 [Version] 1048832 [Id] WindowsEditor(7,LAPTOP-GGNBUQUG) [Debug] 1 [PackageName] WindowsEditor [ProjectName] Editor" joined alternative multi-casting on [225.0.0.222:34997]...

Refreshing native plugins compatible for Editor in 77.53 ms, found 3 plugins.
Preloading 0 native plugins for Editor in 0.00 ms.
Initialize engine version: 2021.3.26f1 (a16dc32e0ff2)
[Subsystems] Discovering subsystems at path C:/Program Files/Unity/Hub/Editor/2021.3.26f1/Editor/Data/Resources/UnitySubsystems
[Subsystems] Discovering subsystems at path C:/Users/uwenn/Documents/Dev Game/2. Unity/Pinball/Muhammad-Ruswendra-GamePinball/Assets
GfxDevice: creating device client; threaded=0; jobified=0
Direct3D:
    Version:  Direct3D 11.0 [level 11.1]
    Renderer: AMD Radeon(TM) Graphics (ID=0x1636)
    Vendor:   ATI
    VRAM:     9147 MB
    Driver:   31.0.21905.1001
Initialize mono
Mono path[0] = 'C:/Program Files/Unity/Hub/Editor/2021.3.26f1/Editor/Data/Managed'
Mono path[1] = 'C:/Program Files/Unity/Hub/Editor/2021.3.26f1/Editor/Data/MonoBleedingEdge/lib/mono/unityjit-win32'
Mono config path = 'C:/Program Files/Unity/Hub/Editor/2021.3.26f1/Editor/Data/MonoBleedingEdge/etc'
Using monoOptions --debugger-agent=transport=dt_socket,embedding=1,server=y,suspend=n,address=127.0.0.1:56000
Begin MonoManager ReloadAssembly
Registering precompiled unity dll's ...
Register platform support module: C:/Program Files/Unity/Hub/Editor/2021.3.26f1/Editor/Data/PlaybackEngines/AndroidPlayer/UnityEditor.Android.Extensions.dll
Register platform support module: C:/Program Files/Unity/Hub/Editor/2021.3.26f1/Editor/Data/PlaybackEngines/iOSSupport/UnityEditor.iOS.Extensions.dll
Register platform support module: C:/Program Files/Unity/Hub/Editor/2021.3.26f1/Editor/Data/PlaybackEngines/WindowsStandaloneSupport/UnityEditor.WindowsStandalone.Extensions.dll
Registered in 0.012170 seconds.
Native extension for WindowsStandalone target not found
[usbmuxd] Start listen thread
[usbmuxd] Listen thread started
Native extension for iOS target not found
Native extension for Android target not found
Android Extension - Scanning For ADB Devices 435 ms
Refreshing native plugins compatible for Editor in 85.65 ms, found 3 plugins.
Preloading 0 native plugins for Editor in 0.00 ms.
Mono: successfully reloaded assembly
- Completed reload, in  1.623 seconds
Domain Reload Profiling:
	ReloadAssembly (1624ms)
		BeginReloadAssembly (160ms)
			ExecutionOrderSort (0ms)
			DisableScriptedObjects (0ms)
			BackupInstance (0ms)
			ReleaseScriptingObjects (0ms)
			CreateAndSetChildDomain (1ms)
		EndReloadAssembly (1330ms)
			LoadAssemblies (158ms)
			RebuildTransferFunctionScriptingTraits (0ms)
			SetupTypeCache (154ms)
			ReleaseScriptCaches (0ms)
			RebuildScriptCaches (42ms)
			SetupLoadedEditorAssemblies (1068ms)
				LogAssemblyErrors (0ms)
				InitializePlatformSupportModulesInManaged (636ms)
				SetLoadedEditorAssemblies (0ms)
				RefreshPlugins (86ms)
				BeforeProcessingInitializeOnLoad (1ms)
				ProcessInitializeOnLoadAttributes (149ms)
				ProcessInitializeOnLoadMethodAttributes (194ms)
				AfterProcessingInitializeOnLoad (0ms)
				EditorAssembliesLoaded (0ms)
			ExecutionOrderSort2 (0ms)
			AwakeInstancesAfterBackupRestoration (0ms)
Platform modules already initialized, skipping
Registering precompiled user dll's ...
Registered in 0.014894 seconds.
Begin MonoManager ReloadAssembly
Symbol file LoadedFromMemory doesn't match image C:\Users\uwenn\Documents\Dev Game\2. Unity\Pinball\Muhammad-Ruswendra-GamePinball\Library\PackageCache\com.unity.visualscripting@1.8.0\Editor\VisualScripting.Core\Dependencies\YamlDotNet\Unity.VisualScripting.YamlDotNet.dll
Symbol file LoadedFromMemory doesn't match image C:\Users\uwenn\Documents\Dev Game\2. Unity\Pinball\Muhammad-Ruswendra-GamePinball\Library\PackageCache\com.unity.visualscripting@1.8.0\Editor\VisualScripting.Core\Dependencies\DotNetZip\Unity.VisualScripting.IonicZip.dll
Native extension for WindowsStandalone target not found
Native extension for iOS target not found
Native extension for Android target not found
Refreshing native plugins compatible for Editor in 0.59 ms, found 3 plugins.
Preloading 0 native plugins for Editor in 0.00 ms.
Mono: successfully reloaded assembly
- Completed reload, in  1.127 seconds
Domain Reload Profiling:
	ReloadAssembly (1128ms)
		BeginReloadAssembly (168ms)
			ExecutionOrderSort (0ms)
			DisableScriptedObjects (10ms)
			BackupInstance (0ms)
			ReleaseScriptingObjects (0ms)
			CreateAndSetChildDomain (24ms)
		EndReloadAssembly (837ms)
			LoadAssemblies (126ms)
			RebuildTransferFunctionScriptingTraits (0ms)
			SetupTypeCache (241ms)
			ReleaseScriptCaches (1ms)
			RebuildScriptCaches (64ms)
			SetupLoadedEditorAssemblies (382ms)
				LogAssemblyErrors (0ms)
				InitializePlatformSupportModulesInManaged (42ms)
				SetLoadedEditorAssemblies (0ms)
				RefreshPlugins (1ms)
				BeforeProcessingInitializeOnLoad (82ms)
				ProcessInitializeOnLoadAttributes (225ms)
				ProcessInitializeOnLoadMethodAttributes (23ms)
				AfterProcessingInitializeOnLoad (10ms)
				EditorAssembliesLoaded (0ms)
			ExecutionOrderSort2 (0ms)
			AwakeInstancesAfterBackupRestoration (9ms)
Platform modules already initialized, skipping
========================================================================
Worker process is ready to serve import requests
Launched and connected shader compiler UnityShaderCompiler.exe after 0.05 seconds
Refreshing native plugins compatible for Editor in 0.57 ms, found 3 plugins.
Preloading 0 native plugins for Editor in 0.00 ms.
Unloading 2956 Unused Serialized files (Serialized files now loaded: 0)
Unloading 21 unused Assets / (284.2 KB). Loaded Objects now: 3424.
Memory consumption went from 111.8 MB to 111.5 MB.
Total: 3.114400 ms (FindLiveObjects: 0.318600 ms CreateObjectMapping: 0.105100 ms MarkObjects: 2.572500 ms  DeleteObjects: 0.116700 ms)

AssetImportParameters requested are different than current active one (requested -> active):
  custom:video-decoder-ogg-theora: a1e56fd34408186e4bbccfd4996cb3dc -> 
  custom:container-muxer-webm: aa71ff27fc2769a1b78a27578f13a17b -> 
  custom:container-demuxer-webm: 4f35f7cbe854078d1ac9338744f61a02 -> 
  custom:video-encoder-webm-vp8: eb34c28f22e8b96e1ab97ce403110664 -> 
  custom:video-codec-MediaFoundation-h265: 746d11721c4dcdbdad8f713fa42b33f4 -> 
  custom:audio-encoder-webm-vorbis: bf7c407c2cedff20999df2af8eb42d56 -> 
  custom:framework-win-MediaFoundation: 216162199b28c13a410421893ffa2e32 -> 
  custom:container-demuxer-ogg: 62fdf1f143b41e24485cea50d1cbac27 -> 
  custom:video-decoder-webm-vp8: 9c59270c3fd7afecdb556c50c9e8de78 -> 
  custom:audio-decoder-ogg-vorbis: bf7c407c2cedff20999df2af8eb42d56 -> 
========================================================================
Received Import Request.
  Time since last request: 165938.469240 seconds.
  path: Assets/6237360.png
  artifactKey: Guid(4f18e475655241e40a536fd41d696ce1) Importer(815301076,1909f56bfc062723c751e8b465ee728b)
Start importing Assets/6237360.png using Guid(4f18e475655241e40a536fd41d696ce1) Importer(815301076,1909f56bfc062723c751e8b465ee728b)  -> (artifact id: 'd6301dd3b20ca968298acdb67efe4fe8') in 0.132184 seconds 
========================================================================
Received Import Request.
  Time since last request: 0.000034 seconds.
  path: Assets/R (7).png
  artifactKey: Guid(75e5a2235c66b1c4e84664e31d95e3d6) Importer(815301076,1909f56bfc062723c751e8b465ee728b)
Start importing Assets/R (7).png using Guid(75e5a2235c66b1c4e84664e31d95e3d6) Importer(815301076,1909f56bfc062723c751e8b465ee728b)  -> (artifact id: '9470d3ef50b5705d151dcd9e199af9b2') in 0.044564 seconds 
========================================================================
Received Import Request.
  Time since last request: 0.000045 seconds.
  path: Assets/1516920567instagram-png-logo-transparent.png
  artifactKey: Guid(73bba1fc54334e14da93c7e777571ff6) Importer(815301076,1909f56bfc062723c751e8b465ee728b)
Start importing Assets/1516920567instagram-png-logo-transparent.png using Guid(73bba1fc54334e14da93c7e777571ff6) Importer(815301076,1909f56bfc062723c751e8b465ee728b)  -> (artifact id: '59a31781442e286859f63e16fc5d8d02') in 0.027696 seconds 
========================================================================
Received Import Request.
  Time since last request: 0.000038 seconds.
  path: Assets/linkedIn_PNG8.png
  artifactKey: Guid(568ea9ffe89cb034891e3a97e9238f63) Importer(815301076,1909f56bfc062723c751e8b465ee728b)
Start importing Assets/linkedIn_PNG8.png using Guid(568ea9ffe89cb034891e3a97e9238f63) Importer(815301076,1909f56bfc062723c751e8b465ee728b)  -> (artifact id: 'bae6649001db75f25b78e81b82e5655e') in 0.023402 seconds 
========================================================================
Received Import Request.
  Time since last request: 0.000041 seconds.
  path: Assets/GitHub-Symbol.png
  artifactKey: Guid(d4c88456150892a4d9520b96971704de) Importer(815301076,1909f56bfc062723c751e8b465ee728b)
Start importing Assets/GitHub-Symbol.png using Guid(d4c88456150892a4d9520b96971704de) Importer(815301076,1909f56bfc062723c751e8b465ee728b)  -> (artifact id: '1fe6d6a7e458f8f44a8c23d4a8a3e143') in 0.023135 seconds 
========================================================================
Received Import Request.
  Time since last request: 0.000023 seconds.
  path: Assets/65541-logo-facebook-icon-free-hq-image.png
  artifactKey: Guid(df5fe82478d1dcb49bb77a7b07b4af8a) Importer(815301076,1909f56bfc062723c751e8b465ee728b)
Start importing Assets/65541-logo-facebook-icon-free-hq-image.png using Guid(df5fe82478d1dcb49bb77a7b07b4af8a) Importer(815301076,1909f56bfc062723c751e8b465ee728b)  -> (artifact id: '3994b9941f15310fd4eacb921de76223') in 0.023010 seconds 
========================================================================
Received Import Request.
  Time since last request: 0.000026 seconds.
  path: Assets/R (6).png
  artifactKey: Guid(e9d983bc460a3f748bf932792722d85d) Importer(815301076,1909f56bfc062723c751e8b465ee728b)
Start importing Assets/R (6).png using Guid(e9d983bc460a3f748bf932792722d85d) Importer(815301076,1909f56bfc062723c751e8b465ee728b)  -> (artifact id: 'b9cdddd92ea9a5fd2f7e4b991e93f1f0') in 0.021036 seconds 
========================================================================
Received Import Request.
  Time since last request: 0.000025 seconds.
  path: Assets/x-png-22.png
  artifactKey: Guid(4f221e1d4aaffc141b28cfef1b0cba30) Importer(815301076,1909f56bfc062723c751e8b465ee728b)
Start importing Assets/x-png-22.png using Guid(4f221e1d4aaffc141b28cfef1b0cba30) Importer(815301076,1909f56bfc062723c751e8b465ee728b)  -> (artifact id: '494b5505c288f61644afd4f6feb01bef') in 0.317064 seconds 
========================================================================
Received Import Request.
  Time since last request: 0.000031 seconds.
  path: Assets/New Material.mat
  artifactKey: Guid(0410c46dadfb7374f984fbd4959e4aa5) Importer(815301076,1909f56bfc062723c751e8b465ee728b)
Start importing Assets/New Material.mat using Guid(0410c46dadfb7374f984fbd4959e4aa5) Importer(815301076,1909f56bfc062723c751e8b465ee728b)  -> (artifact id: '4e9fba1c4e800d59ce9d92f482ef3796') in 0.092765 seconds 
========================================================================
Received Import Request.
  Time since last request: 0.000039 seconds.
  path: Assets/background-computer-screen-wallpaper-desktop-preview.jpg
  artifactKey: Guid(4cb026b8cb6feb744b2842999bef5f8b) Importer(815301076,1909f56bfc062723c751e8b465ee728b)
Start importing Assets/background-computer-screen-wallpaper-desktop-preview.jpg using Guid(4cb026b8cb6feb744b2842999bef5f8b) Importer(815301076,1909f56bfc062723c751e8b465ee728b)  -> (artifact id: 'b83d1ef61c0146de5e0dcfd98860e4af') in 0.023486 seconds 
========================================================================
Received Prepare
Registering precompiled user dll's ...
Registered in 0.005737 seconds.
Begin MonoManager ReloadAssembly
Symbol file LoadedFromMemory doesn't match image C:\Users\uwenn\Documents\Dev Game\2. Unity\Pinball\Muhammad-Ruswendra-GamePinball\Library\PackageCache\com.unity.visualscripting@1.8.0\Editor\VisualScripting.Core\Dependencies\YamlDotNet\Unity.VisualScripting.YamlDotNet.dll
Symbol file LoadedFromMemory doesn't match image C:\Users\uwenn\Documents\Dev Game\2. Unity\Pinball\Muhammad-Ruswendra-GamePinball\Library\PackageCache\com.unity.visualscripting@1.8.0\Editor\VisualScripting.Core\Dependencies\DotNetZip\Unity.VisualScripting.IonicZip.dll
Native extension for WindowsStandalone target not found
Native extension for iOS target not found
Native extension for Android target not found
Refreshing native plugins compatible for Editor in 0.75 ms, found 3 plugins.
Preloading 0 native plugins for Editor in 0.00 ms.
Mono: successfully reloaded assembly
- Completed reload, in  1.218 seconds
Domain Reload Profiling:
	ReloadAssembly (1219ms)
		BeginReloadAssembly (158ms)
			ExecutionOrderSort (0ms)
			DisableScriptedObjects (5ms)
			BackupInstance (0ms)
			ReleaseScriptingObjects (0ms)
			CreateAndSetChildDomain (38ms)
		EndReloadAssembly (945ms)
			LoadAssemblies (109ms)
			RebuildTransferFunctionScriptingTraits (0ms)
			SetupTypeCache (300ms)
			ReleaseScriptCaches (2ms)
			RebuildScriptCaches (58ms)
			SetupLoadedEditorAssemblies (407ms)
				LogAssemblyErrors (0ms)
				InitializePlatformSupportModulesInManaged (45ms)
				SetLoadedEditorAssemblies (1ms)
				RefreshPlugins (1ms)
				BeforeProcessingInitializeOnLoad (79ms)
				ProcessInitializeOnLoadAttributes (242ms)
				ProcessInitializeOnLoadMethodAttributes (28ms)
				AfterProcessingInitializeOnLoad (11ms)
				EditorAssembliesLoaded (0ms)
			ExecutionOrderSort2 (0ms)
			AwakeInstancesAfterBackupRestoration (10ms)
Platform modules already initialized, skipping
Refreshing native plugins compatible for Editor in 2.23 ms, found 3 plugins.
Preloading 0 native plugins for Editor in 0.00 ms.
Unloading 2936 Unused Serialized files (Serialized files now loaded: 0)
Unloading 14 unused Assets / (24.6 KB). Loaded Objects now: 3473.
Memory consumption went from 110.1 MB to 110.0 MB.
Total: 4.717100 ms (FindLiveObjects: 0.405600 ms CreateObjectMapping: 0.110100 ms MarkObjects: 4.116200 ms  DeleteObjects: 0.082800 ms)

AssetImportParameters requested are different than current active one (requested -> active):
  custom:video-decoder-ogg-theora: a1e56fd34408186e4bbccfd4996cb3dc -> 
  custom:container-muxer-webm: aa71ff27fc2769a1b78a27578f13a17b -> 
  custom:container-demuxer-webm: 4f35f7cbe854078d1ac9338744f61a02 -> 
  custom:video-encoder-webm-vp8: eb34c28f22e8b96e1ab97ce403110664 -> 
  custom:video-codec-MediaFoundation-h265: 746d11721c4dcdbdad8f713fa42b33f4 -> 
  custom:audio-encoder-webm-vorbis: bf7c407c2cedff20999df2af8eb42d56 -> 
  custom:framework-win-MediaFoundation: 216162199b28c13a410421893ffa2e32 -> 
  custom:container-demuxer-ogg: 62fdf1f143b41e24485cea50d1cbac27 -> 
  custom:video-decoder-webm-vp8: 9c59270c3fd7afecdb556c50c9e8de78 -> 
  custom:audio-decoder-ogg-vorbis: bf7c407c2cedff20999df2af8eb42d56 -> 
========================================================================
Received Prepare
Registering precompiled user dll's ...
Registered in 0.005009 seconds.
Begin MonoManager ReloadAssembly
Symbol file LoadedFromMemory doesn't match image C:\Users\uwenn\Documents\Dev Game\2. Unity\Pinball\Muhammad-Ruswendra-GamePinball\Library\PackageCache\com.unity.visualscripting@1.8.0\Editor\VisualScripting.Core\Dependencies\YamlDotNet\Unity.VisualScripting.YamlDotNet.dll
Symbol file LoadedFromMemory doesn't match image C:\Users\uwenn\Documents\Dev Game\2. Unity\Pinball\Muhammad-Ruswendra-GamePinball\Library\PackageCache\com.unity.visualscripting@1.8.0\Editor\VisualScripting.Core\Dependencies\DotNetZip\Unity.VisualScripting.IonicZip.dll
Native extension for WindowsStandalone target not found
Native extension for iOS target not found
Native extension for Android target not found
Refreshing native plugins compatible for Editor in 0.86 ms, found 3 plugins.
Preloading 0 native plugins for Editor in 0.00 ms.
Mono: successfully reloaded assembly
- Completed reload, in  1.164 seconds
Domain Reload Profiling:
	ReloadAssembly (1165ms)
		BeginReloadAssembly (155ms)
			ExecutionOrderSort (0ms)
			DisableScriptedObjects (6ms)
			BackupInstance (0ms)
			ReleaseScriptingObjects (0ms)
			CreateAndSetChildDomain (34ms)
		EndReloadAssembly (893ms)
			LoadAssemblies (113ms)
			RebuildTransferFunctionScriptingTraits (0ms)
			SetupTypeCache (285ms)
			ReleaseScriptCaches (2ms)
			RebuildScriptCaches (49ms)
			SetupLoadedEditorAssemblies (390ms)
				LogAssemblyErrors (0ms)
				InitializePlatformSupportModulesInManaged (44ms)
				SetLoadedEditorAssemblies (0ms)
				RefreshPlugins (1ms)
				BeforeProcessingInitializeOnLoad (77ms)
				ProcessInitializeOnLoadAttributes (231ms)
				ProcessInitializeOnLoadMethodAttributes (25ms)
				AfterProcessingInitializeOnLoad (11ms)
				EditorAssembliesLoaded (0ms)
			ExecutionOrderSort2 (0ms)
			AwakeInstancesAfterBackupRestoration (10ms)
Platform modules already initialized, skipping
Refreshing native plugins compatible for Editor in 2.97 ms, found 3 plugins.
Preloading 0 native plugins for Editor in 0.00 ms.
Unloading 2936 Unused Serialized files (Serialized files now loaded: 0)
Unloading 14 unused Assets / (24.7 KB). Loaded Objects now: 3476.
Memory consumption went from 110.1 MB to 110.1 MB.
Total: 3.977600 ms (FindLiveObjects: 0.530300 ms CreateObjectMapping: 0.231300 ms MarkObjects: 3.164300 ms  DeleteObjects: 0.048300 ms)

AssetImportParameters requested are different than current active one (requested -> active):
  custom:video-decoder-ogg-theora: a1e56fd34408186e4bbccfd4996cb3dc -> 
  custom:container-muxer-webm: aa71ff27fc2769a1b78a27578f13a17b -> 
  custom:container-demuxer-webm: 4f35f7cbe854078d1ac9338744f61a02 -> 
  custom:video-encoder-webm-vp8: eb34c28f22e8b96e1ab97ce403110664 -> 
  custom:video-codec-MediaFoundation-h265: 746d11721c4dcdbdad8f713fa42b33f4 -> 
  custom:audio-encoder-webm-vorbis: bf7c407c2cedff20999df2af8eb42d56 -> 
  custom:framework-win-MediaFoundation: 216162199b28c13a410421893ffa2e32 -> 
  custom:container-demuxer-ogg: 62fdf1f143b41e24485cea50d1cbac27 -> 
  custom:video-decoder-webm-vp8: 9c59270c3fd7afecdb556c50c9e8de78 -> 
  custom:audio-decoder-ogg-vorbis: bf7c407c2cedff20999df2af8eb42d56 -> 
========================================================================
Received Import Request.
  Time since last request: 104.901737 seconds.
  path: Assets/Scenes/Intro.unity
  artifactKey: Guid(c9a450166967f2a4db75e9d0df5dac44) Importer(815301076,1909f56bfc062723c751e8b465ee728b)
Start importing Assets/Scenes/Intro.unity using Guid(c9a450166967f2a4db75e9d0df5dac44) Importer(815301076,1909f56bfc062723c751e8b465ee728b)  -> (artifact id: '280d32c5ca946dd080fab811c8ad9170') in 0.014153 seconds 
========================================================================
Received Prepare
Registering precompiled user dll's ...
Registered in 0.005986 seconds.
Begin MonoManager ReloadAssembly
Symbol file LoadedFromMemory doesn't match image C:\Users\uwenn\Documents\Dev Game\2. Unity\Pinball\Muhammad-Ruswendra-GamePinball\Library\PackageCache\com.unity.visualscripting@1.8.0\Editor\VisualScripting.Core\Dependencies\YamlDotNet\Unity.VisualScripting.YamlDotNet.dll
Symbol file LoadedFromMemory doesn't match image C:\Users\uwenn\Documents\Dev Game\2. Unity\Pinball\Muhammad-Ruswendra-GamePinball\Library\PackageCache\com.unity.visualscripting@1.8.0\Editor\VisualScripting.Core\Dependencies\DotNetZip\Unity.VisualScripting.IonicZip.dll
Native extension for WindowsStandalone target not found
Native extension for iOS target not found
Native extension for Android target not found
Refreshing native plugins compatible for Editor in 0.88 ms, found 3 plugins.
Preloading 0 native plugins for Editor in 0.00 ms.
Mono: successfully reloaded assembly
- Completed reload, in  1.125 seconds
Domain Reload Profiling:
	ReloadAssembly (1126ms)
		BeginReloadAssembly (155ms)
			ExecutionOrderSort (0ms)
			DisableScriptedObjects (6ms)
			BackupInstance (0ms)
			ReleaseScriptingObjects (0ms)
			CreateAndSetChildDomain (34ms)
		EndReloadAssembly (865ms)
			LoadAssemblies (112ms)
			RebuildTransferFunctionScriptingTraits (0ms)
			SetupTypeCache (273ms)
			ReleaseScriptCaches (2ms)
			RebuildScriptCaches (62ms)
			SetupLoadedEditorAssemblies (375ms)
				LogAssemblyErrors (0ms)
				InitializePlatformSupportModulesInManaged (42ms)
				SetLoadedEditorAssemblies (0ms)
				RefreshPlugins (1ms)
				BeforeProcessingInitializeOnLoad (72ms)
				ProcessInitializeOnLoadAttributes (225ms)
				ProcessInitializeOnLoadMethodAttributes (24ms)
				AfterProcessingInitializeOnLoad (11ms)
				EditorAssembliesLoaded (0ms)
			ExecutionOrderSort2 (0ms)
			AwakeInstancesAfterBackupRestoration (10ms)
Platform modules already initialized, skipping
Refreshing native plugins compatible for Editor in 2.13 ms, found 3 plugins.
Preloading 0 native plugins for Editor in 0.00 ms.
Unloading 2936 Unused Serialized files (Serialized files now loaded: 0)
Unloading 14 unused Assets / (24.6 KB). Loaded Objects now: 3479.
Memory consumption went from 110.1 MB to 110.1 MB.
Total: 4.061800 ms (FindLiveObjects: 0.321500 ms CreateObjectMapping: 0.159500 ms MarkObjects: 3.540100 ms  DeleteObjects: 0.039200 ms)

AssetImportParameters requested are different than current active one (requested -> active):
  custom:video-decoder-ogg-theora: a1e56fd34408186e4bbccfd4996cb3dc -> 
  custom:container-muxer-webm: aa71ff27fc2769a1b78a27578f13a17b -> 
  custom:container-demuxer-webm: 4f35f7cbe854078d1ac9338744f61a02 -> 
  custom:video-encoder-webm-vp8: eb34c28f22e8b96e1ab97ce403110664 -> 
  custom:video-codec-MediaFoundation-h265: 746d11721c4dcdbdad8f713fa42b33f4 -> 
  custom:audio-encoder-webm-vorbis: bf7c407c2cedff20999df2af8eb42d56 -> 
  custom:framework-win-MediaFoundation: 216162199b28c13a410421893ffa2e32 -> 
  custom:container-demuxer-ogg: 62fdf1f143b41e24485cea50d1cbac27 -> 
  custom:video-decoder-webm-vp8: 9c59270c3fd7afecdb556c50c9e8de78 -> 
  custom:audio-decoder-ogg-vorbis: bf7c407c2cedff20999df2af8eb42d56 -> 
========================================================================
Received Prepare
Registering precompiled user dll's ...
Registered in 0.005177 seconds.
Begin MonoManager ReloadAssembly
Symbol file LoadedFromMemory doesn't match image C:\Users\uwenn\Documents\Dev Game\2. Unity\Pinball\Muhammad-Ruswendra-GamePinball\Library\PackageCache\com.unity.visualscripting@1.8.0\Editor\VisualScripting.Core\Dependencies\YamlDotNet\Unity.VisualScripting.YamlDotNet.dll
Symbol file LoadedFromMemory doesn't match image C:\Users\uwenn\Documents\Dev Game\2. Unity\Pinball\Muhammad-Ruswendra-GamePinball\Library\PackageCache\com.unity.visualscripting@1.8.0\Editor\VisualScripting.Core\Dependencies\DotNetZip\Unity.VisualScripting.IonicZip.dll
Native extension for WindowsStandalone target not found
Native extension for iOS target not found
Native extension for Android target not found
Refreshing native plugins compatible for Editor in 0.68 ms, found 3 plugins.
Preloading 0 native plugins for Editor in 0.00 ms.
Mono: successfully reloaded assembly
- Completed reload, in  1.121 seconds
Domain Reload Profiling:
	ReloadAssembly (1122ms)
		BeginReloadAssembly (159ms)
			ExecutionOrderSort (0ms)
			DisableScriptedObjects (6ms)
			BackupInstance (0ms)
			ReleaseScriptingObjects (0ms)
			CreateAndSetChildDomain (35ms)
		EndReloadAssembly (847ms)
			LoadAssemblies (115ms)
			RebuildTransferFunctionScriptingTraits (0ms)
			SetupTypeCache (265ms)
			ReleaseScriptCaches (1ms)
			RebuildScriptCaches (47ms)
			SetupLoadedEditorAssemblies (374ms)
				LogAssemblyErrors (0ms)
				InitializePlatformSupportModulesInManaged (44ms)
				SetLoadedEditorAssemblies (1ms)
				RefreshPlugins (1ms)
				BeforeProcessingInitializeOnLoad (70ms)
				ProcessInitializeOnLoadAttributes (224ms)
				ProcessInitializeOnLoadMethodAttributes (23ms)
				AfterProcessingInitializeOnLoad (11ms)
				EditorAssembliesLoaded (0ms)
			ExecutionOrderSort2 (0ms)
			AwakeInstancesAfterBackupRestoration (8ms)
Platform modules already initialized, skipping
Refreshing native plugins compatible for Editor in 2.06 ms, found 3 plugins.
Preloading 0 native plugins for Editor in 0.00 ms.
Unloading 2936 Unused Serialized files (Serialized files now loaded: 0)
Unloading 14 unused Assets / (24.7 KB). Loaded Objects now: 3482.
Memory consumption went from 110.1 MB to 110.1 MB.
Total: 4.370800 ms (FindLiveObjects: 0.352400 ms CreateObjectMapping: 0.133800 ms MarkObjects: 3.787700 ms  DeleteObjects: 0.094700 ms)

AssetImportParameters requested are different than current active one (requested -> active):
  custom:video-decoder-ogg-theora: a1e56fd34408186e4bbccfd4996cb3dc -> 
  custom:container-muxer-webm: aa71ff27fc2769a1b78a27578f13a17b -> 
  custom:container-demuxer-webm: 4f35f7cbe854078d1ac9338744f61a02 -> 
  custom:video-encoder-webm-vp8: eb34c28f22e8b96e1ab97ce403110664 -> 
  custom:video-codec-MediaFoundation-h265: 746d11721c4dcdbdad8f713fa42b33f4 -> 
  custom:audio-encoder-webm-vorbis: bf7c407c2cedff20999df2af8eb42d56 -> 
  custom:framework-win-MediaFoundation: 216162199b28c13a410421893ffa2e32 -> 
  custom:container-demuxer-ogg: 62fdf1f143b41e24485cea50d1cbac27 -> 
  custom:video-decoder-webm-vp8: 9c59270c3fd7afecdb556c50c9e8de78 -> 
  custom:audio-decoder-ogg-vorbis: bf7c407c2cedff20999df2af8eb42d56 -> 
========================================================================
Received Import Request.
  Time since last request: 97.049770 seconds.
  path: Assets/Scenes/SampleScene.unity
  artifactKey: Guid(9fc0d4010bbf28b4594072e72b8655ab) Importer(815301076,1909f56bfc062723c751e8b465ee728b)
Start importing Assets/Scenes/SampleScene.unity using Guid(9fc0d4010bbf28b4594072e72b8655ab) Importer(815301076,1909f56bfc062723c751e8b465ee728b)  -> (artifact id: 'd64c44833b7647cdaf8e32af1c35cb2a') in 0.014370 seconds 
========================================================================
Received Import Request.
  Time since last request: 1.833159 seconds.
  path: Assets/Scenes
  artifactKey: Guid(3422a916de1cdff40ac2a7425c392bd5) Importer(815301076,1909f56bfc062723c751e8b465ee728b)
Start importing Assets/Scenes using Guid(3422a916de1cdff40ac2a7425c392bd5) Importer(815301076,1909f56bfc062723c751e8b465ee728b)  -> (artifact id: '73730f7a311542b48071ab89f1d21121') in 0.009295 seconds 
========================================================================
Received Import Request.
  Time since last request: 43.419628 seconds.
  path: Assets/Scenes/Paddle.unity
  artifactKey: Guid(2dbb72e2b7c1a1947b64dbd8291b8a2d) Importer(815301076,1909f56bfc062723c751e8b465ee728b)
Start importing Assets/Scenes/Paddle.unity using Guid(2dbb72e2b7c1a1947b64dbd8291b8a2d) Importer(815301076,1909f56bfc062723c751e8b465ee728b)  -> (artifact id: '9ce4a38001ae2c41ccf0d0d64de76619') in 0.010018 seconds 
========================================================================
Received Import Request.
  Time since last request: 4.722602 seconds.
  path: Assets/Scenes/MainMenu.unity
  artifactKey: Guid(521bfc8d27727494683f6ca84cadb19d) Importer(815301076,1909f56bfc062723c751e8b465ee728b)
Start importing Assets/Scenes/MainMenu.unity using Guid(521bfc8d27727494683f6ca84cadb19d) Importer(815301076,1909f56bfc062723c751e8b465ee728b)  -> (artifact id: '6ad48d1b340fae2c0d0e0183c22152f9') in 0.009476 seconds 
========================================================================
Received Import Request.
  Time since last request: 165.998018 seconds.
  path: Assets/Physics/Ball.physicMaterial
  artifactKey: Guid(2f1514ba37c4bcb4e9ec6a7c2e10d718) Importer(815301076,1909f56bfc062723c751e8b465ee728b)
Start importing Assets/Physics/Ball.physicMaterial using Guid(2f1514ba37c4bcb4e9ec6a7c2e10d718) Importer(815301076,1909f56bfc062723c751e8b465ee728b)  -> (artifact id: '454604c3320b792dc6051fe6c76bfe84') in 0.025031 seconds 
========================================================================
Received Import Request.
  Time since last request: 0.000024 seconds.
  path: Assets/Physics/Bouncy.physicMaterial
  artifactKey: Guid(e01d086a668d85240b3a187d80308ade) Importer(815301076,1909f56bfc062723c751e8b465ee728b)
Start importing Assets/Physics/Bouncy.physicMaterial using Guid(e01d086a668d85240b3a187d80308ade) Importer(815301076,1909f56bfc062723c751e8b465ee728b)  -> (artifact id: '87c7774b0e7bf8aff5fa13aadb4d54d6') in 0.013154 seconds 
========================================================================
Received Import Request.
  Time since last request: 0.306921 seconds.
  path: Assets/Prefabs/Cylinder (2).prefab
  artifactKey: Guid(59f77b1ea2d96d94e8d29761bd8e3445) Importer(815301076,1909f56bfc062723c751e8b465ee728b)
Start importing Assets/Prefabs/Cylinder (2).prefab using Guid(59f77b1ea2d96d94e8d29761bd8e3445) Importer(815301076,1909f56bfc062723c751e8b465ee728b)  -> (artifact id: '9ccd95d5712544fd55c53a57acb4cf7e') in 0.080286 seconds 
========================================================================
Received Import Request.
  Time since last request: 0.000025 seconds.
  path: Assets/Prefabs/SFX2 1.prefab
  artifactKey: Guid(870bc37c1a078c74c8af2db5c00914d0) Importer(815301076,1909f56bfc062723c751e8b465ee728b)
Start importing Assets/Prefabs/SFX2 1.prefab using Guid(870bc37c1a078c74c8af2db5c00914d0) Importer(815301076,1909f56bfc062723c751e8b465ee728b)  -> (artifact id: '718c3345bd7988b0e0af08da7e9e6a9e') in 0.015538 seconds 
========================================================================
Received Import Request.
  Time since last request: 0.000035 seconds.
  path: Assets/Prefabs/SFX.prefab
  artifactKey: Guid(4b3d42da242acec40b2e152bf98c39f0) Importer(815301076,1909f56bfc062723c751e8b465ee728b)
Start importing Assets/Prefabs/SFX.prefab using Guid(4b3d42da242acec40b2e152bf98c39f0) Importer(815301076,1909f56bfc062723c751e8b465ee728b)  -> (artifact id: 'f5c6004ea14d91f7d981d1140accc27f') in 0.014987 seconds 
========================================================================
Received Import Request.
  Time since last request: 0.000039 seconds.
  path: Assets/Prefabs/VFX Bumper.prefab
  artifactKey: Guid(c9658074cbed791499039159e898035d) Importer(815301076,1909f56bfc062723c751e8b465ee728b)
Start importing Assets/Prefabs/VFX Bumper.prefab using Guid(c9658074cbed791499039159e898035d) Importer(815301076,1909f56bfc062723c751e8b465ee728b)  -> (artifact id: 'f14cf9b68aec7d156dee529e2db302aa') in 0.038009 seconds 
========================================================================
Received Import Request.
  Time since last request: 0.000028 seconds.
  path: Assets/Prefabs/SFX2.prefab
  artifactKey: Guid(537c1cd0ec04b9a45b641efccaae4553) Importer(815301076,1909f56bfc062723c751e8b465ee728b)
Start importing Assets/Prefabs/SFX2.prefab using Guid(537c1cd0ec04b9a45b641efccaae4553) Importer(815301076,1909f56bfc062723c751e8b465ee728b)  -> (artifact id: '6d13174ee7ac8a3c50dc118de9d23867') in 0.013732 seconds 
========================================================================
Received Import Request.
  Time since last request: 0.000031 seconds.
  path: Assets/Prefabs/VFX Switch.prefab
  artifactKey: Guid(976bacae7c6bc2f47b466a6765ff1bd3) Importer(815301076,1909f56bfc062723c751e8b465ee728b)
Start importing Assets/Prefabs/VFX Switch.prefab using Guid(976bacae7c6bc2f47b466a6765ff1bd3) Importer(815301076,1909f56bfc062723c751e8b465ee728b)  -> (artifact id: '2d3cf6b36d5977bcb208fbacdfe3371f') in 0.022551 seconds 
========================================================================
Received Import Request.
  Time since last request: 0.000035 seconds.
  path: Assets/Prefabs/Switch (2).prefab
  artifactKey: Guid(01f4f7faecafef746b67145911a6fb94) Importer(815301076,1909f56bfc062723c751e8b465ee728b)
Start importing Assets/Prefabs/Switch (2).prefab using Guid(01f4f7faecafef746b67145911a6fb94) Importer(815301076,1909f56bfc062723c751e8b465ee728b)  -> (artifact id: 'c3e41b806b87eb5adfc4c779588429c3') in 0.024653 seconds 
========================================================================
Received Import Request.
  Time since last request: 0.000024 seconds.
  path: Assets/Prefabs/Switch (3).prefab
  artifactKey: Guid(8abbb844511280944929d2171e6e141f) Importer(815301076,1909f56bfc062723c751e8b465ee728b)
Start importing Assets/Prefabs/Switch (3).prefab using Guid(8abbb844511280944929d2171e6e141f) Importer(815301076,1909f56bfc062723c751e8b465ee728b)  -> (artifact id: 'b3cdfb104af8abce09e93f67f922deb7') in 0.021189 seconds 
========================================================================
Received Import Request.
  Time since last request: 8.122069 seconds.
  path: Assets/Prefabs/Kanan.prefab
  artifactKey: Guid(c61f696269aa2e340a8459d839773221) Importer(815301076,1909f56bfc062723c751e8b465ee728b)
Start importing Assets/Prefabs/Kanan.prefab using Guid(c61f696269aa2e340a8459d839773221) Importer(815301076,1909f56bfc062723c751e8b465ee728b)  -> (artifact id: '0594545829ee814b5ce7b983d45b3ee7') in 0.022100 seconds 
========================================================================
Received Import Request.
  Time since last request: 2.853909 seconds.
  path: Assets/Prefabs/Kiri.prefab
  artifactKey: Guid(18dd9664ec11e99438f88ce071e7f9ec) Importer(815301076,1909f56bfc062723c751e8b465ee728b)
Start importing Assets/Prefabs/Kiri.prefab using Guid(18dd9664ec11e99438f88ce071e7f9ec) Importer(815301076,1909f56bfc062723c751e8b465ee728b)  -> (artifact id: 'e907ce95645e9caa796bdc3d8f957a1a') in 0.019752 seconds 
========================================================================
Received Import Request.
  Time since last request: 20.619215 seconds.
  path: Assets/Scenes/Bumper.unity
  artifactKey: Guid(edb809ce79b7d834f8d75ad042ccce57) Importer(815301076,1909f56bfc062723c751e8b465ee728b)
Start importing Assets/Scenes/Bumper.unity using Guid(edb809ce79b7d834f8d75ad042ccce57) Importer(815301076,1909f56bfc062723c751e8b465ee728b)  -> (artifact id: '95e0a65c0442af5cf17b45e39483dd40') in 0.012275 seconds 
========================================================================
Received Import Request.
  Time since last request: 44.936723 seconds.
  path: Assets/Scenes/Paddle.unity
  artifactKey: Guid(2dbb72e2b7c1a1947b64dbd8291b8a2d) Importer(815301076,1909f56bfc062723c751e8b465ee728b)
Start importing Assets/Scenes/Paddle.unity using Guid(2dbb72e2b7c1a1947b64dbd8291b8a2d) Importer(815301076,1909f56bfc062723c751e8b465ee728b)  -> (artifact id: 'f1f1b5389465df780dfbe881831925b1') in 0.003010 seconds 
========================================================================
Received Import Request.
  Time since last request: 7.362569 seconds.
  path: Assets/Scenes/Bumper.unity
  artifactKey: Guid(edb809ce79b7d834f8d75ad042ccce57) Importer(815301076,1909f56bfc062723c751e8b465ee728b)
Start importing Assets/Scenes/Bumper.unity using Guid(edb809ce79b7d834f8d75ad042ccce57) Importer(815301076,1909f56bfc062723c751e8b465ee728b)  -> (artifact id: 'eac77ebc2036301ec1361bf5de848214') in 0.003133 seconds 
========================================================================
Received Import Request.
  Time since last request: 33.552092 seconds.
  path: Assets/Scenes/Bumper.unity
  artifactKey: Guid(edb809ce79b7d834f8d75ad042ccce57) Importer(815301076,1909f56bfc062723c751e8b465ee728b)
Start importing Assets/Scenes/Bumper.unity using Guid(edb809ce79b7d834f8d75ad042ccce57) Importer(815301076,1909f56bfc062723c751e8b465ee728b)  -> (artifact id: 'f6cb25a2153bf6118233b1eeddde1e32') in 0.003149 seconds 
========================================================================
Received Import Request.
  Time since last request: 152.207886 seconds.
  path: Assets/Materials/Ball.mat
  artifactKey: Guid(c997fa252aa14e442be9df9b6cbd1ac6) Importer(815301076,1909f56bfc062723c751e8b465ee728b)
Start importing Assets/Materials/Ball.mat using Guid(c997fa252aa14e442be9df9b6cbd1ac6) Importer(815301076,1909f56bfc062723c751e8b465ee728b)  -> (artifact id: 'e6f0c481f1faffa3762375a4ab07000f') in 0.029081 seconds 
========================================================================
Received Import Request.
  Time since last request: 0.000024 seconds.
  path: Assets/Materials/Float.mat
  artifactKey: Guid(2b849d4e444d476419dc85facf9d4f40) Importer(815301076,1909f56bfc062723c751e8b465ee728b)
Start importing Assets/Materials/Float.mat using Guid(2b849d4e444d476419dc85facf9d4f40) Importer(815301076,1909f56bfc062723c751e8b465ee728b)  -> (artifact id: 'f429b1cbafd1a69e2bcc8597494d6629') in 0.020731 seconds 
========================================================================
Received Import Request.
  Time since last request: 0.000029 seconds.
  path: Assets/Materials/New Material.mat
  artifactKey: Guid(3914be0a0fffb7f45b397df91f59ca34) Importer(815301076,1909f56bfc062723c751e8b465ee728b)
Start importing Assets/Materials/New Material.mat using Guid(3914be0a0fffb7f45b397df91f59ca34) Importer(815301076,1909f56bfc062723c751e8b465ee728b)  -> (artifact id: '4c91313beebf464db1bac985d7ebb480') in 0.018738 seconds 
========================================================================
Received Import Request.
  Time since last request: 0.000049 seconds.
  path: Assets/Materials/SwitchON.mat
  artifactKey: Guid(474c225e70f057449bf300c41c42b60b) Importer(815301076,1909f56bfc062723c751e8b465ee728b)
Start importing Assets/Materials/SwitchON.mat using Guid(474c225e70f057449bf300c41c42b60b) Importer(815301076,1909f56bfc062723c751e8b465ee728b)  -> (artifact id: 'ce2ad7fd1ded2448f2869a368b57571c') in 0.032183 seconds 
========================================================================
Received Import Request.
  Time since last request: 0.000038 seconds.
  path: Assets/Materials/Bumper_Material.mat
  artifactKey: Guid(a89990b14a4df394d84b37af35e4ce23) Importer(815301076,1909f56bfc062723c751e8b465ee728b)
Start importing Assets/Materials/Bumper_Material.mat using Guid(a89990b14a4df394d84b37af35e4ce23) Importer(815301076,1909f56bfc062723c751e8b465ee728b)  -> (artifact id: '7bb32865ad15f6da65cafe2c786865c6') in 0.022024 seconds 
========================================================================
Received Import Request.
  Time since last request: 0.000038 seconds.
  path: Assets/Materials/Naik.mat
  artifactKey: Guid(d34ed0e5f4381b34a976cc348b787113) Importer(815301076,1909f56bfc062723c751e8b465ee728b)
Start importing Assets/Materials/Naik.mat using Guid(d34ed0e5f4381b34a976cc348b787113) Importer(815301076,1909f56bfc062723c751e8b465ee728b)  -> (artifact id: '7523b1a3cc061a3e816542500d9362f1') in 0.019519 seconds 
========================================================================
Received Import Request.
  Time since last request: 0.000032 seconds.
  path: Assets/Materials/Plank_Material.mat
  artifactKey: Guid(d4bfedb1d1cca6b41bea7983e8be05c2) Importer(815301076,1909f56bfc062723c751e8b465ee728b)
Start importing Assets/Materials/Plank_Material.mat using Guid(d4bfedb1d1cca6b41bea7983e8be05c2) Importer(815301076,1909f56bfc062723c751e8b465ee728b)  -> (artifact id: '23c1b07c8af78197b6050d9c3464a861') in 0.021026 seconds 
========================================================================
Received Import Request.
  Time since last request: 0.000030 seconds.
  path: Assets/Materials/SwitchOFF.mat
  artifactKey: Guid(40f76aad8fe200248a47e5eee4aae4f4) Importer(815301076,1909f56bfc062723c751e8b465ee728b)
Start importing Assets/Materials/SwitchOFF.mat using Guid(40f76aad8fe200248a47e5eee4aae4f4) Importer(815301076,1909f56bfc062723c751e8b465ee728b)  -> (artifact id: '2094a5d8ca2d1cc486e637b1ffa4250c') in 0.018694 seconds 
========================================================================
Received Import Request.
  Time since last request: 1.293671 seconds.
  path: Assets/Script/Audio_Manager.cs
  artifactKey: Guid(075446a2b40ea4f438d4ec212f727fa4) Importer(815301076,1909f56bfc062723c751e8b465ee728b)
Start importing Assets/Script/Audio_Manager.cs using Guid(075446a2b40ea4f438d4ec212f727fa4) Importer(815301076,1909f56bfc062723c751e8b465ee728b)  -> (artifact id: '7b9571a43e4c15d7e7a57d422796801d') in 0.018587 seconds 
========================================================================
Received Prepare
Registering precompiled user dll's ...
Registered in 0.006462 seconds.
Begin MonoManager ReloadAssembly
Symbol file LoadedFromMemory doesn't match image C:\Users\uwenn\Documents\Dev Game\2. Unity\Pinball\Muhammad-Ruswendra-GamePinball\Library\PackageCache\com.unity.visualscripting@1.8.0\Editor\VisualScripting.Core\Dependencies\YamlDotNet\Unity.VisualScripting.YamlDotNet.dll
Symbol file LoadedFromMemory doesn't match image C:\Users\uwenn\Documents\Dev Game\2. Unity\Pinball\Muhammad-Ruswendra-GamePinball\Library\PackageCache\com.unity.visualscripting@1.8.0\Editor\VisualScripting.Core\Dependencies\DotNetZip\Unity.VisualScripting.IonicZip.dll
Native extension for WindowsStandalone target not found
Native extension for iOS target not found
Native extension for Android target not found
Refreshing native plugins compatible for Editor in 1.29 ms, found 3 plugins.
Preloading 0 native plugins for Editor in 0.00 ms.
Mono: successfully reloaded assembly
- Completed reload, in  1.124 seconds
Domain Reload Profiling:
	ReloadAssembly (1125ms)
		BeginReloadAssembly (150ms)
			ExecutionOrderSort (0ms)
			DisableScriptedObjects (4ms)
			BackupInstance (0ms)
			ReleaseScriptingObjects (0ms)
			CreateAndSetChildDomain (36ms)
		EndReloadAssembly (865ms)
			LoadAssemblies (104ms)
			RebuildTransferFunctionScriptingTraits (0ms)
			SetupTypeCache (232ms)
			ReleaseScriptCaches (2ms)
			RebuildScriptCaches (51ms)
			SetupLoadedEditorAssemblies (389ms)
				LogAssemblyErrors (0ms)
				InitializePlatformSupportModulesInManaged (44ms)
				SetLoadedEditorAssemblies (0ms)
				RefreshPlugins (1ms)
				BeforeProcessingInitializeOnLoad (69ms)
				ProcessInitializeOnLoadAttributes (228ms)
				ProcessInitializeOnLoadMethodAttributes (30ms)
				AfterProcessingInitializeOnLoad (15ms)
				EditorAssembliesLoaded (1ms)
			ExecutionOrderSort2 (0ms)
			AwakeInstancesAfterBackupRestoration (26ms)
Platform modules already initialized, skipping
Refreshing native plugins compatible for Editor in 2.58 ms, found 3 plugins.
Preloading 0 native plugins for Editor in 0.00 ms.
Unloading 2936 Unused Serialized files (Serialized files now loaded: 0)
Unloading 16 unused Assets / (26.2 KB). Loaded Objects now: 3489.
Memory consumption went from 110.2 MB to 110.2 MB.
Total: 8.426800 ms (FindLiveObjects: 0.472700 ms CreateObjectMapping: 0.117600 ms MarkObjects: 7.729600 ms  DeleteObjects: 0.104600 ms)

AssetImportParameters requested are different than current active one (requested -> active):
  custom:video-decoder-ogg-theora: a1e56fd34408186e4bbccfd4996cb3dc -> 
  custom:container-muxer-webm: aa71ff27fc2769a1b78a27578f13a17b -> 
  custom:container-demuxer-webm: 4f35f7cbe854078d1ac9338744f61a02 -> 
  custom:video-encoder-webm-vp8: eb34c28f22e8b96e1ab97ce403110664 -> 
  custom:video-codec-MediaFoundation-h265: 746d11721c4dcdbdad8f713fa42b33f4 -> 
  custom:audio-encoder-webm-vorbis: bf7c407c2cedff20999df2af8eb42d56 -> 
  custom:framework-win-MediaFoundation: 216162199b28c13a410421893ffa2e32 -> 
  custom:container-demuxer-ogg: 62fdf1f143b41e24485cea50d1cbac27 -> 
  custom:video-decoder-webm-vp8: 9c59270c3fd7afecdb556c50c9e8de78 -> 
  custom:audio-decoder-ogg-vorbis: bf7c407c2cedff20999df2af8eb42d56 -> 
========================================================================
Received Prepare
Registering precompiled user dll's ...
Registered in 0.006910 seconds.
Begin MonoManager ReloadAssembly
Symbol file LoadedFromMemory doesn't match image C:\Users\uwenn\Documents\Dev Game\2. Unity\Pinball\Muhammad-Ruswendra-GamePinball\Library\PackageCache\com.unity.visualscripting@1.8.0\Editor\VisualScripting.Core\Dependencies\YamlDotNet\Unity.VisualScripting.YamlDotNet.dll
Symbol file LoadedFromMemory doesn't match image C:\Users\uwenn\Documents\Dev Game\2. Unity\Pinball\Muhammad-Ruswendra-GamePinball\Library\PackageCache\com.unity.visualscripting@1.8.0\Editor\VisualScripting.Core\Dependencies\DotNetZip\Unity.VisualScripting.IonicZip.dll
Native extension for WindowsStandalone target not found
Native extension for iOS target not found
Native extension for Android target not found
Refreshing native plugins compatible for Editor in 0.81 ms, found 3 plugins.
Preloading 0 native plugins for Editor in 0.00 ms.
Mono: successfully reloaded assembly
- Completed reload, in  1.066 seconds
Domain Reload Profiling:
	ReloadAssembly (1067ms)
		BeginReloadAssembly (151ms)
			ExecutionOrderSort (0ms)
			DisableScriptedObjects (6ms)
			BackupInstance (0ms)
			ReleaseScriptingObjects (0ms)
			CreateAndSetChildDomain (33ms)
		EndReloadAssembly (807ms)
			LoadAssemblies (105ms)
			RebuildTransferFunctionScriptingTraits (0ms)
			SetupTypeCache (250ms)
			ReleaseScriptCaches (2ms)
			RebuildScriptCaches (48ms)
			SetupLoadedEditorAssemblies (355ms)
				LogAssemblyErrors (0ms)
				InitializePlatformSupportModulesInManaged (43ms)
				SetLoadedEditorAssemblies (0ms)
				RefreshPlugins (1ms)
				BeforeProcessingInitializeOnLoad (72ms)
				ProcessInitializeOnLoadAttributes (203ms)
				ProcessInitializeOnLoadMethodAttributes (24ms)
				AfterProcessingInitializeOnLoad (12ms)
				EditorAssembliesLoaded (0ms)
			ExecutionOrderSort2 (0ms)
			AwakeInstancesAfterBackupRestoration (9ms)
Platform modules already initialized, skipping
Refreshing native plugins compatible for Editor in 2.45 ms, found 3 plugins.
Preloading 0 native plugins for Editor in 0.00 ms.
Unloading 2936 Unused Serialized files (Serialized files now loaded: 0)
Unloading 14 unused Assets / (24.7 KB). Loaded Objects now: 3492.
Memory consumption went from 110.2 MB to 110.2 MB.
Total: 3.616700 ms (FindLiveObjects: 0.279900 ms CreateObjectMapping: 0.092800 ms MarkObjects: 3.207900 ms  DeleteObjects: 0.034000 ms)

AssetImportParameters requested are different than current active one (requested -> active):
  custom:video-decoder-ogg-theora: a1e56fd34408186e4bbccfd4996cb3dc -> 
  custom:container-muxer-webm: aa71ff27fc2769a1b78a27578f13a17b -> 
  custom:container-demuxer-webm: 4f35f7cbe854078d1ac9338744f61a02 -> 
  custom:video-encoder-webm-vp8: eb34c28f22e8b96e1ab97ce403110664 -> 
  custom:video-codec-MediaFoundation-h265: 746d11721c4dcdbdad8f713fa42b33f4 -> 
  custom:audio-encoder-webm-vorbis: bf7c407c2cedff20999df2af8eb42d56 -> 
  custom:framework-win-MediaFoundation: 216162199b28c13a410421893ffa2e32 -> 
  custom:container-demuxer-ogg: 62fdf1f143b41e24485cea50d1cbac27 -> 
  custom:video-decoder-webm-vp8: 9c59270c3fd7afecdb556c50c9e8de78 -> 
  custom:audio-decoder-ogg-vorbis: bf7c407c2cedff20999df2af8eb42d56 -> 
